# JRE version: Java(TM) SE Runtime Environment (8.0_172-b11) (build 1.8.0_172-b11)
# Java VM: Java HotSpot(TM) 64-Bit Server VM (25.172-b11 mixed mode windows-amd64 compressed oops)
Heap:
 PSYoungGen      total 140288K, used 120320K [0x00000000eab00000, 0x00000000f4f00000, 0x0000000100000000)
  eden space 120320K, 100% used [0x00000000eab00000,0x00000000f2080000,0x00000000f2080000)
  from space 19968K, 0% used [0x00000000f3680000,0x00000000f3680000,0x00000000f4a00000)
  to   space 22528K, 0% used [0x00000000f2080000,0x00000000f2080000,0x00000000f3680000)
 ParOldGen       total 81920K, used 81801K [0x00000000c0000000, 0x00000000c5000000, 0x00000000eab00000)
  object space 81920K, 99% used [0x00000000c0000000,0x00000000c4fe2478,0x00000000c5000000)
 Metaspace       used 6707K, capacity 7320K, committed 7680K, reserved 1056768K
  class space    used 638K, capacity 656K, committed 768K, reserved 1048576K
GC Heap History (10 events):
Event: 17.159 GC heap after
Heap after GC invocations=12 (full 4):
 PSYoungGen      total 140288K, used 41902K [0x00000000eab00000, 0x00000000f4f00000, 0x0000000100000000)
  eden space 120320K, 34% used [0x00000000eab00000,0x00000000ed3eb878,0x00000000f2080000)
  from space 19968K, 0% used [0x00000000f3680000,0x00000000f3680000,0x00000000f4a00000)
  to   space 22528K, 0% used [0x00000000f2080000,0x00000000f2080000,0x00000000f3680000)
 ParOldGen       total 81920K, used 81865K [0x00000000c0000000, 0x00000000c5000000, 0x00000000eab00000)
  object space 81920K, 99% used [0x00000000c0000000,0x00000000c4ff2778,0x00000000c5000000)
 Metaspace       used 6699K, capacity 7256K, committed 7424K, reserved 1056768K
  class space    used 638K, capacity 656K, committed 768K, reserved 1048576K
}
Event: 18.132 GC heap before
{Heap before GC invocations=13 (full 5):
 PSYoungGen      total 140288K, used 120320K [0x00000000eab00000, 0x00000000f4f00000, 0x0000000100000000)
  eden space 120320K, 100% used [0x00000000eab00000,0x00000000f2080000,0x00000000f2080000)
  from space 19968K, 0% used [0x00000000f3680000,0x00000000f3680000,0x00000000f4a00000)
  to   space 22528K, 0% used [0x00000000f2080000,0x00000000f2080000,0x00000000f3680000)
 ParOldGen       total 81920K, used 81865K [0x00000000c0000000, 0x00000000c5000000, 0x00000000eab00000)
  object space 81920K, 99% used [0x00000000c0000000,0x00000000c4ff2778,0x00000000c5000000)
 Metaspace       used 6700K, capacity 7256K, committed 7424K, reserved 1056768K
  class space    used 638K, capacity 656K, committed 768K, reserved 1048576K
Event: 18.879 GC heap after
Heap after GC invocations=13 (full 5):
 PSYoungGen      total 140288K, used 52911K [0x00000000eab00000, 0x00000000f4f00000, 0x0000000100000000)
  eden space 120320K, 43% used [0x00000000eab00000,0x00000000edeabc00,0x00000000f2080000)
  from space 19968K, 0% used [0x00000000f3680000,0x00000000f3680000,0x00000000f4a00000)
  to   space 22528K, 0% used [0x00000000f2080000,0x00000000f2080000,0x00000000f3680000)
 ParOldGen       total 81920K, used 81865K [0x00000000c0000000, 0x00000000c5000000, 0x00000000eab00000)
  object space 81920K, 99% used [0x00000000c0000000,0x00000000c4ff25f8,0x00000000c5000000)
 Metaspace       used 6700K, capacity 7256K, committed 7424K, reserved 1056768K
  class space    used 638K, capacity 656K, committed 768K, reserved 1048576K
}
Event: 19.609 GC heap before
{Heap before GC invocations=14 (full 6):
 PSYoungGen      total 140288K, used 120320K [0x00000000eab00000, 0x00000000f4f00000, 0x0000000100000000)
  eden space 120320K, 100% used [0x00000000eab00000,0x00000000f2080000,0x00000000f2080000)
  from space 19968K, 0% used [0x00000000f3680000,0x00000000f3680000,0x00000000f4a00000)
  to   space 22528K, 0% used [0x00000000f2080000,0x00000000f2080000,0x00000000f3680000)
 ParOldGen       total 81920K, used 81865K [0x00000000c0000000, 0x00000000c5000000, 0x00000000eab00000)
  object space 81920K, 99% used [0x00000000c0000000,0x00000000c4ff25f8,0x00000000c5000000)
 Metaspace       used 6701K, capacity 7256K, committed 7424K, reserved 1056768K
  class space    used 638K, capacity 656K, committed 768K, reserved 1048576K
Event: 20.306 GC heap after
Heap after GC invocations=14 (full 6):
 PSYoungGen      total 140288K, used 62471K [0x00000000eab00000, 0x00000000f4f00000, 0x0000000100000000)
  eden space 120320K, 51% used [0x00000000eab00000,0x00000000ee801da0,0x00000000f2080000)
  from space 19968K, 0% used [0x00000000f3680000,0x00000000f3680000,0x00000000f4a00000)
  to   space 22528K, 0% used [0x00000000f2080000,0x00000000f2080000,0x00000000f3680000)
 ParOldGen       total 81920K, used 81865K [0x00000000c0000000, 0x00000000c5000000, 0x00000000eab00000)
  object space 81920K, 99% used [0x00000000c0000000,0x00000000c4ff2518,0x00000000c5000000)
 Metaspace       used 6701K, capacity 7256K, committed 7424K, reserved 1056768K
  class space    used 638K, capacity 656K, committed 768K, reserved 1048576K
}
Event: 20.912 GC heap before
{Heap before GC invocations=15 (full 7):
 PSYoungGen      total 140288K, used 120320K [0x00000000eab00000, 0x00000000f4f00000, 0x0000000100000000)
  eden space 120320K, 100% used [0x00000000eab00000,0x00000000f2080000,0x00000000f2080000)
  from space 19968K, 0% used [0x00000000f3680000,0x00000000f3680000,0x00000000f4a00000)
  to   space 22528K, 0% used [0x00000000f2080000,0x00000000f2080000,0x00000000f3680000)
 ParOldGen       total 81920K, used 81865K [0x00000000c0000000, 0x00000000c5000000, 0x00000000eab00000)
  object space 81920K, 99% used [0x00000000c0000000,0x00000000c4ff2518,0x00000000c5000000)
 Metaspace       used 6702K, capacity 7256K, committed 7424K, reserved 1056768K
  class space    used 638K, capacity 656K, committed 768K, reserved 1048576K
Event: 21.662 GC heap after
Heap after GC invocations=15 (full 7):
 PSYoungGen      total 140288K, used 70063K [0x00000000eab00000, 0x00000000f4f00000, 0x0000000100000000)
  eden space 120320K, 58% used [0x00000000eab00000,0x00000000eef6bc18,0x00000000f2080000)
  from space 19968K, 0% used [0x00000000f3680000,0x00000000f3680000,0x00000000f4a00000)
  to   space 22528K, 0% used [0x00000000f2080000,0x00000000f2080000,0x00000000f3680000)
 ParOldGen       total 81920K, used 81801K [0x00000000c0000000, 0x00000000c5000000, 0x00000000eab00000)
  object space 81920K, 99% used [0x00000000c0000000,0x00000000c4fe2488,0x00000000c5000000)
 Metaspace       used 6702K, capacity 7256K, committed 7424K, reserved 1056768K
  class space    used 638K, capacity 656K, committed 768K, reserved 1048576K
}
Event: 22.324 GC heap before
{Heap before GC invocations=16 (full 8):
 PSYoungGen      total 140288K, used 120320K [0x00000000eab00000, 0x00000000f4f00000, 0x0000000100000000)
  eden space 120320K, 100% used [0x00000000eab00000,0x00000000f2080000,0x00000000f2080000)
  from space 19968K, 0% used [0x00000000f3680000,0x00000000f3680000,0x00000000f4a00000)
  to   space 22528K, 0% used [0x00000000f2080000,0x00000000f2080000,0x00000000f3680000)
 ParOldGen       total 81920K, used 81801K [0x00000000c0000000, 0x00000000c5000000, 0x00000000eab00000)
  object space 81920K, 99% used [0x00000000c0000000,0x00000000c4fe2488,0x00000000c5000000)
 Metaspace       used 6704K, capacity 7320K, committed 7680K, reserved 1056768K
  class space    used 638K, capacity 656K, committed 768K, reserved 1048576K
Event: 23.122 GC heap after
Heap after GC invocations=16 (full 8):
 PSYoungGen      total 140288K, used 76978K [0x00000000eab00000, 0x00000000f4f00000, 0x0000000100000000)
  eden space 120320K, 63% used [0x00000000eab00000,0x00000000ef62cbf8,0x00000000f2080000)
  from space 19968K, 0% used [0x00000000f3680000,0x00000000f3680000,0x00000000f4a00000)
  to   space 22528K, 0% used [0x00000000f2080000,0x00000000f2080000,0x00000000f3680000)
 ParOldGen       total 81920K, used 81801K [0x00000000c0000000, 0x00000000c5000000, 0x00000000eab00000)
  object space 81920K, 99% used [0x00000000c0000000,0x00000000c4fe2478,0x00000000c5000000)
 Metaspace       used 6704K, capacity 7320K, committed 7680K, reserved 1056768K
  class space    used 638K, capacity 656K, committed 768K, reserved 1048576K
}
Event: 23.564 GC heap before
{Heap before GC invocations=17 (full 9):
 PSYoungGen      total 140288K, used 120320K [0x00000000eab00000, 0x00000000f4f00000, 0x0000000100000000)
  eden space 120320K, 100% used [0x00000000eab00000,0x00000000f2080000,0x00000000f2080000)
  from space 19968K, 0% used [0x00000000f3680000,0x00000000f3680000,0x00000000f4a00000)
  to   space 22528K, 0% used [0x00000000f2080000,0x00000000f2080000,0x00000000f3680000)
 ParOldGen       total 81920K, used 81801K [0x00000000c0000000, 0x00000000c5000000, 0x00000000eab00000)
  object space 81920K, 99% used [0x00000000c0000000,0x00000000c4fe2478,0x00000000c5000000)
 Metaspace       used 6707K, capacity 7320K, committed 7680K, reserved 1056768K
  class space    used 638K, capacity 656K, committed 768K, reserved 1048576K

